<?xml version="1.0" encoding="UTF-8"?>
<testng-results ignored="3" total="4" passed="1" failed="0" skipped="0">
  <reporter-output>
  </reporter-output>
  <suite started-at="2024-12-04T09:46:13 IST" name="Suite" finished-at="2024-12-04T09:46:21 IST" duration-ms="7778">
    <groups>
    </groups>
    <test started-at="2024-12-04T09:46:13 IST" name="Test" finished-at="2024-12-04T09:46:21 IST" duration-ms="7778">
      <class name="testScript.LoginTest">
        <test-method is-config="true" signature="initilizeBrowser(java.lang.String)[pri:0, instance:testScript.LoginTest@23c30a20]" started-at="2024-12-04T09:46:13 IST" name="initilizeBrowser" finished-at="2024-12-04T09:46:19 IST" duration-ms="5861" status="PASS">
          <params>
            <param index="0">
              <value>
                <![CDATA[Chrome]]>
              </value>
            </param>
          </params>
          <reporter-output>
          </reporter-output>
        </test-method> <!-- initilizeBrowser -->
        <test-method signature="verifyTheUserWithValidCredentials()[pri:0, instance:testScript.LoginTest@23c30a20]" started-at="2024-12-04T09:46:19 IST" name="verifyTheUserWithValidCredentials" description="Verify that the user is able to login into the page with valid credentials" finished-at="2024-12-04T09:46:20 IST" duration-ms="1471" status="PASS">
          <reporter-output>
          </reporter-output>
        </test-method> <!-- verifyTheUserWithValidCredentials -->
        <test-method is-config="true" signature="DriverQuitAndClose()[pri:0, instance:testScript.LoginTest@23c30a20]" started-at="2024-12-04T09:46:20 IST" name="DriverQuitAndClose" finished-at="2024-12-04T09:46:21 IST" duration-ms="370" status="PASS">
          <reporter-output>
          </reporter-output>
        </test-method> <!-- DriverQuitAndClose -->
      </class> <!-- testScript.LoginTest -->
    </test> <!-- Test -->
  </suite> <!-- Suite -->
</testng-results>
