<?xml version="1.0" encoding="UTF-8"?>
<!-- Generated by org.testng.reporters.JUnitXMLReporter -->
<testsuite ignored="3" hostname="Gopika" failures="0" tests="1" name="chrometest" time="15.912" errors="0" timestamp="2024-12-04T09:45:11 IST">
  <testcase classname="testScript.LoginTest" name="verifyTheUserWithValidCredentials" time="1.487"/>
  <testcase classname="testScript.LoginTest" name="incorrectUsernameAndCorrectPassword" time="0.0">
    <ignored/>
  </testcase> <!-- incorrectUsernameAndCorrectPassword -->
  <testcase classname="testScript.LoginTest" name="correctUsernameAndIncorrectPasssword" time="0.0">
    <ignored/>
  </testcase> <!-- correctUsernameAndIncorrectPasssword -->
  <testcase classname="testScript.LoginTest" name="IncorrectUsernameAndInCorrectPassword" time="0.0">
    <ignored/>
  </testcase> <!-- IncorrectUsernameAndInCorrectPassword -->
</testsuite> <!-- chrometest -->
